[0.000000] (-) TimerEvent: {}
[0.000343] (honrobo_2026_pkg) JobQueued: {'identifier': 'honrobo_2026_pkg', 'dependencies': OrderedDict()}
[0.000534] (honrobo_2026_pkg) JobStarted: {'identifier': 'honrobo_2026_pkg'}
[0.099712] (-) TimerEvent: {}
[0.199955] (-) TimerEvent: {}
[0.300214] (-) TimerEvent: {}
[0.400474] (-) TimerEvent: {}
[0.497578] (honrobo_2026_pkg) Command: {'cmd': ['/usr/bin/python3', '-W', 'ignore:setup.py install is deprecated', '-W', 'ignore:easy_install command is deprecated', 'setup.py', 'develop', '--editable', '--build-directory', '/home/haru/honrobo_2026/build/honrobo_2026_pkg/build', '--no-deps', 'symlink_data'], 'cwd': '/home/haru/honrobo_2026/build/honrobo_2026_pkg', 'env': {'GJS_DEBUG_TOPICS': 'JS ERROR;JS LOG', 'LESSOPEN': '| /usr/bin/lesspipe %s', 'VSCODE_CWD': '/home/haru', 'LANGUAGE': 'ja:en', 'USER': 'haru', 'LC_TIME': 'ja_JP.UTF-8', 'VSCODE_NLS_CONFIG': '{"userLocale":"ja","osLocale":"ja","resolvedLanguage":"ja","defaultMessagesFile":"/usr/share/antigravity/resources/app/out/nls.messages.json","languagePack":{"translationsConfigFile":"/home/haru/.config/Antigravity/clp/c079ae35ca5a109e941bb27abcf19a86.ja/tcf.json","messagesFile":"/home/haru/.config/Antigravity/clp/c079ae35ca5a109e941bb27abcf19a86.ja/15487b3041e65228cae24980a3f796c905ef582c/nls.messages.json","corruptMarkerFile":"/home/haru/.config/Antigravity/clp/c079ae35ca5a109e941bb27abcf19a86.ja/corrupted.info"},"locale":"ja","availableLanguages":{"*":"ja"},"_languagePackId":"c079ae35ca5a109e941bb27abcf19a86.ja","_languagePackSupport":true,"_translationsConfigFile":"/home/haru/.config/Antigravity/clp/c079ae35ca5a109e941bb27abcf19a86.ja/tcf.json","_cacheRoot":"/home/haru/.config/Antigravity/clp/c079ae35ca5a109e941bb27abcf19a86.ja","_resolvedLanguagePackCoreLocation":"/home/haru/.config/Antigravity/clp/c079ae35ca5a109e941bb27abcf19a86.ja/15487b3041e65228cae24980a3f796c905ef582c","_corruptedFile":"/home/haru/.config/Antigravity/clp/c079ae35ca5a109e941bb27abcf19a86.ja/corrupted.info"}', 'XDG_SESSION_TYPE': 'wayland', 'SHLVL': '0', 'LD_LIBRARY_PATH': '/usr/lib/x86_64-linux-gnu/gazebo-11/plugins:/opt/ros/humble/opt/rviz_ogre_vendor/lib:/opt/ros/humble/lib/x86_64-linux-gnu:/opt/ros/humble/lib', 'HOME': '/home/haru', 'CHROME_DESKTOP': 'antigravity.desktop', 'OLDPWD': '/home/haru/honrobo_2026', 'DESKTOP_SESSION': 'ubuntu', 'VSCODE_IPC_HOOK': '/run/user/1000/vscode-69ab7373-1.10-main.sock', 'GIO_LAUNCHED_DESKTOP_FILE': '/usr/share/applications/antigravity.desktop', 'ROS_PYTHON_VERSION': '3', 'GNOME_SHELL_SESSION_MODE': 'ubuntu', 'GTK_MODULES': 'gail:atk-bridge', 'PAGER': 'cat', 'LC_MONETARY': 'ja_JP.UTF-8', 'MANAGERPID': '1661', 'SYSTEMD_EXEC_PID': '1847', 'IM_CONFIG_CHECK_ENV': '1', 'DBUS_SESSION_BUS_ADDRESS': 'unix:path=/run/user/1000/bus', 'ANTIGRAVITY_AGENT': '1', 'GIO_LAUNCHED_DESKTOP_FILE_PID': '6184', 'IM_CONFIG_PHASE': '1', 'WAYLAND_DISPLAY': 'wayland-0', 'ROS_DISTRO': 'humble', 'LOGNAME': 'haru', 'JOURNAL_STREAM': '8:22557', '_': '/usr/bin/colcon', 'ROS_VERSION': '2', 'XDG_SESSION_CLASS': 'user', 'USERNAME': 'haru', 'TERM': 'dumb', 'GNOME_DESKTOP_SESSION_ID': 'this-is-deprecated', 'FC_FONTATIONS': '1', 'ROS_LOCALHOST_ONLY': '0', 'ANTIGRAVITY_EDITOR_APP_ROOT': '/usr/share/antigravity/resources/app', 'PATH': '/home/haru/.local/bin:/opt/ros/humble/bin:/home/haru/.local/bin:/usr/local/sbin:/usr/local/bin:/usr/sbin:/usr/bin:/sbin:/bin:/usr/games:/usr/local/games:/snap/bin:/snap/bin', 'SESSION_MANAGER': 'local/haru-Inspiron-15-3535:@/tmp/.ICE-unix/1817,unix/haru-Inspiron-15-3535:/tmp/.ICE-unix/1817', 'INVOCATION_ID': '2a6e164cc33a4124b0d1557bbc0cfc77', 'PAPERSIZE': 'a4', 'XDG_MENU_PREFIX': 'gnome-', 'LC_ADDRESS': 'ja_JP.UTF-8', 'GNOME_SETUP_DISPLAY': ':1', 'XDG_RUNTIME_DIR': '/run/user/1000', 'GDK_BACKEND': 'wayland', 'DISPLAY': ':0', 'LANG': 'ja_JP.UTF-8', 'XDG_CURRENT_DESKTOP': 'ubuntu:GNOME', 'LC_TELEPHONE': 'ja_JP.UTF-8', 'XMODIFIERS': '@im=ibus', 'XDG_SESSION_DESKTOP': 'ubuntu', 'XAUTHORITY': '/run/user/1000/.mutter-Xwaylandauth.G6B9O3', 'LS_COLORS': '', 'SSH_AGENT_LAUNCHER': 'gnome-keyring', 'SSH_AUTH_SOCK': '/run/user/1000/keyring/ssh', 'AMENT_PREFIX_PATH': '/opt/ros/humble', 'SHELL': '/bin/bash', 'LC_NAME': 'ja_JP.UTF-8', 'QT_ACCESSIBILITY': '1', 'GDMSESSION': 'ubuntu', 'LESSCLOSE': '/usr/bin/lesspipe %s %s', 'LC_MEASUREMENT': 'ja_JP.UTF-8', 'GJS_DEBUG_OUTPUT': 'stderr', 'LC_IDENTIFICATION': 'ja_JP.UTF-8', 'QT_IM_MODULE': 'ibus', 'ANTIGRAVITY_TRAJECTORY_ID': 'fbcf47ff-17d0-4b97-b798-1458190f8258', 'PWD': '/home/haru/honrobo_2026/build/honrobo_2026_pkg', 'TURTLEBOT3_MODEL': 'burger', 'LC_ALL': 'en_US.UTF-8', 'XDG_CONFIG_DIRS': '/etc/xdg/xdg-ubuntu:/etc/xdg', 'VSCODE_CODE_CACHE_PATH': '/home/haru/.config/Antigravity/CachedData/15487b3041e65228cae24980a3f796c905ef582c', 'XDG_DATA_DIRS': '/usr/share/ubuntu:/usr/local/share/:/usr/share/:/var/lib/snapd/desktop', 'PYTHONPATH': '/home/haru/honrobo_2026/build/honrobo_2026_pkg/prefix_override:/usr/lib/python3/dist-packages/colcon_core/task/python/colcon_distutils_commands:/home/haru/honrobo_2026/install/honrobo_2026_pkg/lib/python3.10/site-packages:/opt/ros/humble/lib/python3.10/site-packages:/opt/ros/humble/local/lib/python3.10/dist-packages', 'LC_NUMERIC': 'ja_JP.UTF-8', 'LC_PAPER': 'ja_JP.UTF-8', 'COLCON': '1', 'VSCODE_PID': '6184'}, 'shell': False}
[0.500531] (-) TimerEvent: {}
[0.600710] (-) TimerEvent: {}
[0.695144] (honrobo_2026_pkg) StdoutLine: {'line': b'running develop\n'}
[0.700780] (-) TimerEvent: {}
[0.801004] (-) TimerEvent: {}
[0.824521] (honrobo_2026_pkg) StdoutLine: {'line': b'running egg_info\n'}
[0.824697] (honrobo_2026_pkg) StdoutLine: {'line': b'writing honrobo_2026_pkg.egg-info/PKG-INFO\n'}
[0.824895] (honrobo_2026_pkg) StdoutLine: {'line': b'writing dependency_links to honrobo_2026_pkg.egg-info/dependency_links.txt\n'}
[0.825047] (honrobo_2026_pkg) StdoutLine: {'line': b'writing entry points to honrobo_2026_pkg.egg-info/entry_points.txt\n'}
[0.825167] (honrobo_2026_pkg) StdoutLine: {'line': b'writing requirements to honrobo_2026_pkg.egg-info/requires.txt\n'}
[0.825255] (honrobo_2026_pkg) StdoutLine: {'line': b'writing top-level names to honrobo_2026_pkg.egg-info/top_level.txt\n'}
[0.826793] (honrobo_2026_pkg) StdoutLine: {'line': b"reading manifest file 'honrobo_2026_pkg.egg-info/SOURCES.txt'\n"}
[0.827437] (honrobo_2026_pkg) StdoutLine: {'line': b"writing manifest file 'honrobo_2026_pkg.egg-info/SOURCES.txt'\n"}
[0.828421] (honrobo_2026_pkg) StdoutLine: {'line': b'running build_ext\n'}
[0.828564] (honrobo_2026_pkg) StdoutLine: {'line': b'Creating /home/haru/honrobo_2026/install/honrobo_2026_pkg/lib/python3.10/site-packages/honrobo-2026-pkg.egg-link (link to .)\n'}
[0.829182] (honrobo_2026_pkg) StdoutLine: {'line': b'Installing all_senser script to /home/haru/honrobo_2026/install/honrobo_2026_pkg/lib/honrobo_2026_pkg\n'}
[0.829359] (honrobo_2026_pkg) StdoutLine: {'line': b'Installing camera_node script to /home/haru/honrobo_2026/install/honrobo_2026_pkg/lib/honrobo_2026_pkg\n'}
[0.829469] (honrobo_2026_pkg) StdoutLine: {'line': b'Installing can_node script to /home/haru/honrobo_2026/install/honrobo_2026_pkg/lib/honrobo_2026_pkg\n'}
[0.829572] (honrobo_2026_pkg) StdoutLine: {'line': b'Installing ps4_node script to /home/haru/honrobo_2026/install/honrobo_2026_pkg/lib/honrobo_2026_pkg\n'}
[0.829687] (honrobo_2026_pkg) StdoutLine: {'line': b'Installing roboware_node script to /home/haru/honrobo_2026/install/honrobo_2026_pkg/lib/honrobo_2026_pkg\n'}
[0.829803] (honrobo_2026_pkg) StdoutLine: {'line': b'Installing web_nav_node script to /home/haru/honrobo_2026/install/honrobo_2026_pkg/lib/honrobo_2026_pkg\n'}
[0.829986] (honrobo_2026_pkg) StdoutLine: {'line': b'\n'}
[0.830034] (honrobo_2026_pkg) StdoutLine: {'line': b'Installed /home/haru/honrobo_2026/build/honrobo_2026_pkg\n'}
[0.830105] (honrobo_2026_pkg) StdoutLine: {'line': b'running symlink_data\n'}
[0.854063] (honrobo_2026_pkg) CommandEnded: {'returncode': 0}
[0.863185] (honrobo_2026_pkg) JobEnded: {'identifier': 'honrobo_2026_pkg', 'rc': 0}
[0.863693] (-) EventReactorShutdown: {}
