[0.632s] Invoking command in '/home/haru/honrobo_2026/build/honrobo_2026_pkg': PYTHONPATH=/home/haru/honrobo_2026/build/honrobo_2026_pkg/prefix_override:/usr/lib/python3/dist-packages/colcon_core/task/python/colcon_distutils_commands:/home/haru/honrobo_2026/install/honrobo_2026_pkg/lib/python3.10/site-packages:${PYTHONPATH} /usr/bin/python3 -W ignore:setup.py install is deprecated -W ignore:easy_install command is deprecated setup.py develop --editable --build-directory /home/haru/honrobo_2026/build/honrobo_2026_pkg/build --no-deps symlink_data --force
[0.883s] running develop
[1.060s] running egg_info
[1.060s] writing honrobo_2026_pkg.egg-info/PKG-INFO
[1.060s] writing dependency_links to honrobo_2026_pkg.egg-info/dependency_links.txt
[1.061s] writing entry points to honrobo_2026_pkg.egg-info/entry_points.txt
[1.061s] writing requirements to honrobo_2026_pkg.egg-info/requires.txt
[1.061s] writing top-level names to honrobo_2026_pkg.egg-info/top_level.txt
[1.063s] reading manifest file 'honrobo_2026_pkg.egg-info/SOURCES.txt'
[1.064s] writing manifest file 'honrobo_2026_pkg.egg-info/SOURCES.txt'
[1.066s] running build_ext
[1.066s] Creating /home/haru/honrobo_2026/install/honrobo_2026_pkg/lib/python3.10/site-packages/honrobo-2026-pkg.egg-link (link to .)
[1.067s] Installing all_senser script to /home/haru/honrobo_2026/install/honrobo_2026_pkg/lib/honrobo_2026_pkg
[1.067s] Installing can_node script to /home/haru/honrobo_2026/install/honrobo_2026_pkg/lib/honrobo_2026_pkg
[1.067s] Installing ps4_node script to /home/haru/honrobo_2026/install/honrobo_2026_pkg/lib/honrobo_2026_pkg
[1.067s] Installing roboware_node script to /home/haru/honrobo_2026/install/honrobo_2026_pkg/lib/honrobo_2026_pkg
[1.068s] Installing web_nav_node script to /home/haru/honrobo_2026/install/honrobo_2026_pkg/lib/honrobo_2026_pkg
[1.068s] 
[1.068s] Installed /home/haru/honrobo_2026/build/honrobo_2026_pkg
[1.068s] running symlink_data
[1.068s] symbolically linking /home/haru/honrobo_2026/build/honrobo_2026_pkg/resource/honrobo_2026_pkg -> /home/haru/honrobo_2026/install/honrobo_2026_pkg/share/ament_index/resource_index/packages
[1.068s] symbolically linking /home/haru/honrobo_2026/build/honrobo_2026_pkg/package.xml -> /home/haru/honrobo_2026/install/honrobo_2026_pkg/share/honrobo_2026_pkg
[1.100s] Invoked command in '/home/haru/honrobo_2026/build/honrobo_2026_pkg' returned '0': PYTHONPATH=/home/haru/honrobo_2026/build/honrobo_2026_pkg/prefix_override:/usr/lib/python3/dist-packages/colcon_core/task/python/colcon_distutils_commands:/home/haru/honrobo_2026/install/honrobo_2026_pkg/lib/python3.10/site-packages:${PYTHONPATH} /usr/bin/python3 -W ignore:setup.py install is deprecated -W ignore:easy_install command is deprecated setup.py develop --editable --build-directory /home/haru/honrobo_2026/build/honrobo_2026_pkg/build --no-deps symlink_data --force
