[0.768s] Invoking command in '/home/haru/honrobo_2026/build/honrobo_2026_pkg': PYTHONPATH=/home/haru/honrobo_2026/build/honrobo_2026_pkg/prefix_override:/usr/lib/python3/dist-packages/colcon_core/task/python/colcon_distutils_commands:/home/haru/honrobo_2026/install/honrobo_2026_pkg/lib/python3.10/site-packages:${PYTHONPATH} /usr/bin/python3 -W ignore:setup.py install is deprecated -W ignore:easy_install command is deprecated setup.py develop --editable --build-directory /home/haru/honrobo_2026/build/honrobo_2026_pkg/build --no-deps symlink_data
[1.052s] running develop
[1.238s] running egg_info
[1.238s] writing honrobo_2026_pkg.egg-info/PKG-INFO
[1.238s] writing dependency_links to honrobo_2026_pkg.egg-info/dependency_links.txt
[1.238s] writing entry points to honrobo_2026_pkg.egg-info/entry_points.txt
[1.239s] writing requirements to honrobo_2026_pkg.egg-info/requires.txt
[1.239s] writing top-level names to honrobo_2026_pkg.egg-info/top_level.txt
[1.241s] reading manifest file 'honrobo_2026_pkg.egg-info/SOURCES.txt'
[1.241s] writing manifest file 'honrobo_2026_pkg.egg-info/SOURCES.txt'
[1.243s] running build_ext
[1.243s] Creating /home/haru/honrobo_2026/install/honrobo_2026_pkg/lib/python3.10/site-packages/honrobo-2026-pkg.egg-link (link to .)
[1.244s] Installing all_senser script to /home/haru/honrobo_2026/install/honrobo_2026_pkg/lib/honrobo_2026_pkg
[1.244s] Installing can_node script to /home/haru/honrobo_2026/install/honrobo_2026_pkg/lib/honrobo_2026_pkg
[1.244s] Installing ps4_node script to /home/haru/honrobo_2026/install/honrobo_2026_pkg/lib/honrobo_2026_pkg
[1.244s] Installing roboware_node script to /home/haru/honrobo_2026/install/honrobo_2026_pkg/lib/honrobo_2026_pkg
[1.244s] Installing web_nav_node script to /home/haru/honrobo_2026/install/honrobo_2026_pkg/lib/honrobo_2026_pkg
[1.245s] 
[1.245s] Installed /home/haru/honrobo_2026/build/honrobo_2026_pkg
[1.245s] running symlink_data
[1.281s] Invoked command in '/home/haru/honrobo_2026/build/honrobo_2026_pkg' returned '0': PYTHONPATH=/home/haru/honrobo_2026/build/honrobo_2026_pkg/prefix_override:/usr/lib/python3/dist-packages/colcon_core/task/python/colcon_distutils_commands:/home/haru/honrobo_2026/install/honrobo_2026_pkg/lib/python3.10/site-packages:${PYTHONPATH} /usr/bin/python3 -W ignore:setup.py install is deprecated -W ignore:easy_install command is deprecated setup.py develop --editable --build-directory /home/haru/honrobo_2026/build/honrobo_2026_pkg/build --no-deps symlink_data
