/home/haru/honrobo_2026/install/honrobo_2026_pkg/lib/python3.10/site-packages/honrobo_2026_pkg/ps4_node.py
/home/haru/honrobo_2026/install/honrobo_2026_pkg/lib/python3.10/site-packages/honrobo_2026_pkg/__init__.py
/home/haru/honrobo_2026/install/honrobo_2026_pkg/lib/python3.10/site-packages/honrobo_2026_pkg/camera_node.py
/home/haru/honrobo_2026/install/honrobo_2026_pkg/lib/python3.10/site-packages/honrobo_2026_pkg/can_node.py
/home/haru/honrobo_2026/install/honrobo_2026_pkg/lib/python3.10/site-packages/honrobo_2026_pkg/web_nav_node.py
/home/haru/honrobo_2026/install/honrobo_2026_pkg/lib/python3.10/site-packages/honrobo_2026_pkg/roboware_node.py
/home/haru/honrobo_2026/install/honrobo_2026_pkg/lib/python3.10/site-packages/honrobo_2026_pkg/all_senser.py
/home/haru/honrobo_2026/install/honrobo_2026_pkg/lib/python3.10/site-packages/honrobo_2026_pkg/all_senser_ukf.py
/home/haru/honrobo_2026/install/honrobo_2026_pkg/lib/python3.10/site-packages/honrobo_2026_pkg/__pycache__/ps4_node.cpython-310.pyc
/home/haru/honrobo_2026/install/honrobo_2026_pkg/lib/python3.10/site-packages/honrobo_2026_pkg/__pycache__/__init__.cpython-310.pyc
/home/haru/honrobo_2026/install/honrobo_2026_pkg/lib/python3.10/site-packages/honrobo_2026_pkg/__pycache__/camera_node.cpython-310.pyc
/home/haru/honrobo_2026/install/honrobo_2026_pkg/lib/python3.10/site-packages/honrobo_2026_pkg/__pycache__/can_node.cpython-310.pyc
/home/haru/honrobo_2026/install/honrobo_2026_pkg/lib/python3.10/site-packages/honrobo_2026_pkg/__pycache__/web_nav_node.cpython-310.pyc
/home/haru/honrobo_2026/install/honrobo_2026_pkg/lib/python3.10/site-packages/honrobo_2026_pkg/__pycache__/roboware_node.cpython-310.pyc
/home/haru/honrobo_2026/install/honrobo_2026_pkg/lib/python3.10/site-packages/honrobo_2026_pkg/__pycache__/all_senser.cpython-310.pyc
/home/haru/honrobo_2026/install/honrobo_2026_pkg/lib/python3.10/site-packages/honrobo_2026_pkg/__pycache__/all_senser_ukf.cpython-310.pyc
/home/haru/honrobo_2026/install/honrobo_2026_pkg/share/ament_index/resource_index/packages/honrobo_2026_pkg
/home/haru/honrobo_2026/install/honrobo_2026_pkg/share/honrobo_2026_pkg/package.xml
/home/haru/honrobo_2026/install/honrobo_2026_pkg/lib/python3.10/site-packages/honrobo_2026_pkg-0.0.0-py3.10.egg-info/dependency_links.txt
/home/haru/honrobo_2026/install/honrobo_2026_pkg/lib/python3.10/site-packages/honrobo_2026_pkg-0.0.0-py3.10.egg-info/zip-safe
/home/haru/honrobo_2026/install/honrobo_2026_pkg/lib/python3.10/site-packages/honrobo_2026_pkg-0.0.0-py3.10.egg-info/SOURCES.txt
/home/haru/honrobo_2026/install/honrobo_2026_pkg/lib/python3.10/site-packages/honrobo_2026_pkg-0.0.0-py3.10.egg-info/PKG-INFO
/home/haru/honrobo_2026/install/honrobo_2026_pkg/lib/python3.10/site-packages/honrobo_2026_pkg-0.0.0-py3.10.egg-info/requires.txt
/home/haru/honrobo_2026/install/honrobo_2026_pkg/lib/python3.10/site-packages/honrobo_2026_pkg-0.0.0-py3.10.egg-info/entry_points.txt
/home/haru/honrobo_2026/install/honrobo_2026_pkg/lib/python3.10/site-packages/honrobo_2026_pkg-0.0.0-py3.10.egg-info/top_level.txt
/home/haru/honrobo_2026/install/honrobo_2026_pkg/lib/honrobo_2026_pkg/all_senser
/home/haru/honrobo_2026/install/honrobo_2026_pkg/lib/honrobo_2026_pkg/all_senser_ukf
/home/haru/honrobo_2026/install/honrobo_2026_pkg/lib/honrobo_2026_pkg/camera_node
/home/haru/honrobo_2026/install/honrobo_2026_pkg/lib/honrobo_2026_pkg/can_node
/home/haru/honrobo_2026/install/honrobo_2026_pkg/lib/honrobo_2026_pkg/ps4_node
/home/haru/honrobo_2026/install/honrobo_2026_pkg/lib/honrobo_2026_pkg/roboware_node
/home/haru/honrobo_2026/install/honrobo_2026_pkg/lib/honrobo_2026_pkg/web_nav_node
