[0.716s] Invoking command in '/home/haru/honrobo_2026/build/honrobo_2026_pkg': PYTHONPATH=/home/haru/honrobo_2026/build/honrobo_2026_pkg/prefix_override:/usr/lib/python3/dist-packages/colcon_core/task/python/colcon_distutils_commands:/home/haru/honrobo_2026/install/honrobo_2026_pkg/lib/python3.10/site-packages:${PYTHONPATH} /usr/bin/python3 -W ignore:setup.py install is deprecated -W ignore:easy_install command is deprecated setup.py develop --editable --build-directory /home/haru/honrobo_2026/build/honrobo_2026_pkg/build --no-deps symlink_data --force
[1.014s] running develop
[1.300s] running egg_info
[1.301s] writing honrobo_2026_pkg.egg-info/PKG-INFO
[1.301s] writing dependency_links to honrobo_2026_pkg.egg-info/dependency_links.txt
[1.301s] writing entry points to honrobo_2026_pkg.egg-info/entry_points.txt
[1.302s] writing requirements to honrobo_2026_pkg.egg-info/requires.txt
[1.302s] writing top-level names to honrobo_2026_pkg.egg-info/top_level.txt
[1.305s] reading manifest file 'honrobo_2026_pkg.egg-info/SOURCES.txt'
[1.306s] writing manifest file 'honrobo_2026_pkg.egg-info/SOURCES.txt'
[1.307s] running build_ext
[1.307s] Creating /home/haru/honrobo_2026/install/honrobo_2026_pkg/lib/python3.10/site-packages/honrobo-2026-pkg.egg-link (link to .)
[1.309s] Installing all_senser script to /home/haru/honrobo_2026/install/honrobo_2026_pkg/lib/honrobo_2026_pkg
[1.309s] Installing camera_node script to /home/haru/honrobo_2026/install/honrobo_2026_pkg/lib/honrobo_2026_pkg
[1.309s] Installing can_node script to /home/haru/honrobo_2026/install/honrobo_2026_pkg/lib/honrobo_2026_pkg
[1.309s] Installing ps4_node script to /home/haru/honrobo_2026/install/honrobo_2026_pkg/lib/honrobo_2026_pkg
[1.309s] Installing roboware_node script to /home/haru/honrobo_2026/install/honrobo_2026_pkg/lib/honrobo_2026_pkg
[1.310s] Installing web_nav_node script to /home/haru/honrobo_2026/install/honrobo_2026_pkg/lib/honrobo_2026_pkg
[1.310s] 
[1.310s] Installed /home/haru/honrobo_2026/build/honrobo_2026_pkg
[1.310s] running symlink_data
[1.310s] symbolically linking /home/haru/honrobo_2026/build/honrobo_2026_pkg/resource/honrobo_2026_pkg -> /home/haru/honrobo_2026/install/honrobo_2026_pkg/share/ament_index/resource_index/packages
[1.310s] symbolically linking /home/haru/honrobo_2026/build/honrobo_2026_pkg/package.xml -> /home/haru/honrobo_2026/install/honrobo_2026_pkg/share/honrobo_2026_pkg
[1.351s] Invoked command in '/home/haru/honrobo_2026/build/honrobo_2026_pkg' returned '0': PYTHONPATH=/home/haru/honrobo_2026/build/honrobo_2026_pkg/prefix_override:/usr/lib/python3/dist-packages/colcon_core/task/python/colcon_distutils_commands:/home/haru/honrobo_2026/install/honrobo_2026_pkg/lib/python3.10/site-packages:${PYTHONPATH} /usr/bin/python3 -W ignore:setup.py install is deprecated -W ignore:easy_install command is deprecated setup.py develop --editable --build-directory /home/haru/honrobo_2026/build/honrobo_2026_pkg/build --no-deps symlink_data --force
