[0.000000] (-) TimerEvent: {}
[0.000458] (honrobo_2026_pkg) JobQueued: {'identifier': 'honrobo_2026_pkg', 'dependencies': OrderedDict()}
[0.000501] (honrobo_2026_pkg) JobStarted: {'identifier': 'honrobo_2026_pkg'}
[0.099731] (-) TimerEvent: {}
[0.200024] (-) TimerEvent: {}
[0.300343] (-) TimerEvent: {}
[0.400687] (-) TimerEvent: {}
[0.501004] (-) TimerEvent: {}
[0.601393] (-) TimerEvent: {}
[0.701732] (-) TimerEvent: {}
[0.767581] (honrobo_2026_pkg) Command: {'cmd': ['/usr/bin/python3', '-W', 'ignore:setup.py install is deprecated', '-W', 'ignore:easy_install command is deprecated', 'setup.py', 'develop', '--editable', '--build-directory', '/home/haru/honrobo_2026/build/honrobo_2026_pkg/build', '--no-deps', 'symlink_data'], 'cwd': '/home/haru/honrobo_2026/build/honrobo_2026_pkg', 'env': {'GJS_DEBUG_TOPICS': 'JS ERROR;JS LOG', 'LESSOPEN': '| /usr/bin/lesspipe %s', 'VSCODE_CWD': '/home/haru', 'LANGUAGE': 'ja:en', 'USER': 'haru', 'LC_TIME': 'ja_JP.UTF-8', 'VSCODE_NLS_CONFIG': '{"userLocale":"ja","osLocale":"ja","resolvedLanguage":"ja","defaultMessagesFile":"/usr/share/antigravity/resources/app/out/nls.messages.json","languagePack":{"translationsConfigFile":"/home/haru/.config/Antigravity/clp/c079ae35ca5a109e941bb27abcf19a86.ja/tcf.json","messagesFile":"/home/haru/.config/Antigravity/clp/c079ae35ca5a109e941bb27abcf19a86.ja/15487b3041e65228cae24980a3f796c905ef582c/nls.messages.json","corruptMarkerFile":"/home/haru/.config/Antigravity/clp/c079ae35ca5a109e941bb27abcf19a86.ja/corrupted.info"},"locale":"ja","availableLanguages":{"*":"ja"},"_languagePackId":"c079ae35ca5a109e941bb27abcf19a86.ja","_languagePackSupport":true,"_translationsConfigFile":"/home/haru/.config/Antigravity/clp/c079ae35ca5a109e941bb27abcf19a86.ja/tcf.json","_cacheRoot":"/home/haru/.config/Antigravity/clp/c079ae35ca5a109e941bb27abcf19a86.ja","_resolvedLanguagePackCoreLocation":"/home/haru/.config/Antigravity/clp/c079ae35ca5a109e941bb27abcf19a86.ja/15487b3041e65228cae24980a3f796c905ef582c","_corruptedFile":"/home/haru/.config/Antigravity/clp/c079ae35ca5a109e941bb27abcf19a86.ja/corrupted.info"}', 'XDG_SESSION_TYPE': 'wayland', 'SHLVL': '0', 'LD_LIBRARY_PATH': '/usr/lib/x86_64-linux-gnu/gazebo-11/plugins:/opt/ros/humble/opt/rviz_ogre_vendor/lib:/opt/ros/humble/lib/x86_64-linux-gnu:/opt/ros/humble/lib', 'HOME': '/home/haru', 'CHROME_DESKTOP': 'antigravity.desktop', 'OLDPWD': '/home/haru/honrobo_2026', 'DESKTOP_SESSION': 'ubuntu', 'VSCODE_IPC_HOOK': '/run/user/1000/vscode-69ab7373-1.10-main.sock', 'GIO_LAUNCHED_DESKTOP_FILE': '/usr/share/applications/antigravity.desktop', 'ROS_PYTHON_VERSION': '3', 'GNOME_SHELL_SESSION_MODE': 'ubuntu', 'GTK_MODULES': 'gail:atk-bridge', 'PAGER': 'cat', 'LC_MONETARY': 'ja_JP.UTF-8', 'MANAGERPID': '1491', 'SYSTEMD_EXEC_PID': '1675', 'IM_CONFIG_CHECK_ENV': '1', 'DBUS_SESSION_BUS_ADDRESS': 'unix:path=/run/user/1000/bus', 'ANTIGRAVITY_AGENT': '1', 'GIO_LAUNCHED_DESKTOP_FILE_PID': '5497', 'IM_CONFIG_PHASE': '1', 'WAYLAND_DISPLAY': 'wayland-0', 'ROS_DISTRO': 'humble', 'LOGNAME': 'haru', 'JOURNAL_STREAM': '8:11118', '_': '/usr/bin/colcon', 'ROS_VERSION': '2', 'XDG_SESSION_CLASS': 'user', 'USERNAME': 'haru', 'TERM': 'dumb', 'GNOME_DESKTOP_SESSION_ID': 'this-is-deprecated', 'FC_FONTATIONS': '1', 'ROS_LOCALHOST_ONLY': '0', 'ANTIGRAVITY_EDITOR_APP_ROOT': '/usr/share/antigravity/resources/app', 'PATH': '/home/haru/.local/bin:/opt/ros/humble/bin:/home/haru/.local/bin:/usr/local/sbin:/usr/local/bin:/usr/sbin:/usr/bin:/sbin:/bin:/usr/games:/usr/local/games:/snap/bin:/snap/bin', 'SESSION_MANAGER': 'local/haru-Inspiron-15-3535:@/tmp/.ICE-unix/1641,unix/haru-Inspiron-15-3535:/tmp/.ICE-unix/1641', 'INVOCATION_ID': '4b709a7add0d4a6ea1dd0ed7cf383e10', 'PAPERSIZE': 'a4', 'XDG_MENU_PREFIX': 'gnome-', 'LC_ADDRESS': 'ja_JP.UTF-8', 'GNOME_SETUP_DISPLAY': ':1', 'XDG_RUNTIME_DIR': '/run/user/1000', 'GDK_BACKEND': 'wayland', 'DISPLAY': ':0', 'LANG': 'ja_JP.UTF-8', 'XDG_CURRENT_DESKTOP': 'ubuntu:GNOME', 'LC_TELEPHONE': 'ja_JP.UTF-8', 'XMODIFIERS': '@im=ibus', 'XDG_SESSION_DESKTOP': 'ubuntu', 'XAUTHORITY': '/run/user/1000/.mutter-Xwaylandauth.IOVMO3', 'LS_COLORS': '', 'SSH_AGENT_LAUNCHER': 'gnome-keyring', 'SSH_AUTH_SOCK': '/run/user/1000/keyring/ssh', 'AMENT_PREFIX_PATH': '/opt/ros/humble', 'SHELL': '/bin/bash', 'LC_NAME': 'ja_JP.UTF-8', 'QT_ACCESSIBILITY': '1', 'GDMSESSION': 'ubuntu', 'LESSCLOSE': '/usr/bin/lesspipe %s %s', 'LC_MEASUREMENT': 'ja_JP.UTF-8', 'GJS_DEBUG_OUTPUT': 'stderr', 'LC_IDENTIFICATION': 'ja_JP.UTF-8', 'QT_IM_MODULE': 'ibus', 'ANTIGRAVITY_TRAJECTORY_ID': '71c0faf5-e6f9-4c5a-a30a-5bbf12a5eb3b', 'PWD': '/home/haru/honrobo_2026/build/honrobo_2026_pkg', 'TURTLEBOT3_MODEL': 'burger', 'LC_ALL': 'en_US.UTF-8', 'XDG_CONFIG_DIRS': '/etc/xdg/xdg-ubuntu:/etc/xdg', 'VSCODE_CODE_CACHE_PATH': '/home/haru/.config/Antigravity/CachedData/15487b3041e65228cae24980a3f796c905ef582c', 'XDG_DATA_DIRS': '/usr/share/ubuntu:/usr/local/share/:/usr/share/:/var/lib/snapd/desktop', 'PYTHONPATH': '/home/haru/honrobo_2026/build/honrobo_2026_pkg/prefix_override:/usr/lib/python3/dist-packages/colcon_core/task/python/colcon_distutils_commands:/home/haru/honrobo_2026/install/honrobo_2026_pkg/lib/python3.10/site-packages:/opt/ros/humble/lib/python3.10/site-packages:/opt/ros/humble/local/lib/python3.10/dist-packages', 'LC_NUMERIC': 'ja_JP.UTF-8', 'LC_PAPER': 'ja_JP.UTF-8', 'COLCON': '1', 'VSCODE_PID': '5497'}, 'shell': False}
[0.801835] (-) TimerEvent: {}
[0.902149] (-) TimerEvent: {}
[1.002456] (-) TimerEvent: {}
[1.052893] (honrobo_2026_pkg) StdoutLine: {'line': b'running develop\n'}
[1.102573] (-) TimerEvent: {}
[1.202897] (-) TimerEvent: {}
[1.238394] (honrobo_2026_pkg) StdoutLine: {'line': b'running egg_info\n'}
[1.238638] (honrobo_2026_pkg) StdoutLine: {'line': b'writing honrobo_2026_pkg.egg-info/PKG-INFO\n'}
[1.238843] (honrobo_2026_pkg) StdoutLine: {'line': b'writing dependency_links to honrobo_2026_pkg.egg-info/dependency_links.txt\n'}
[1.239015] (honrobo_2026_pkg) StdoutLine: {'line': b'writing entry points to honrobo_2026_pkg.egg-info/entry_points.txt\n'}
[1.239164] (honrobo_2026_pkg) StdoutLine: {'line': b'writing requirements to honrobo_2026_pkg.egg-info/requires.txt\n'}
[1.239266] (honrobo_2026_pkg) StdoutLine: {'line': b'writing top-level names to honrobo_2026_pkg.egg-info/top_level.txt\n'}
[1.241240] (honrobo_2026_pkg) StdoutLine: {'line': b"reading manifest file 'honrobo_2026_pkg.egg-info/SOURCES.txt'\n"}
[1.242074] (honrobo_2026_pkg) StdoutLine: {'line': b"writing manifest file 'honrobo_2026_pkg.egg-info/SOURCES.txt'\n"}
[1.243282] (honrobo_2026_pkg) StdoutLine: {'line': b'running build_ext\n'}
[1.243453] (honrobo_2026_pkg) StdoutLine: {'line': b'Creating /home/haru/honrobo_2026/install/honrobo_2026_pkg/lib/python3.10/site-packages/honrobo-2026-pkg.egg-link (link to .)\n'}
[1.244364] (honrobo_2026_pkg) StdoutLine: {'line': b'Installing all_senser script to /home/haru/honrobo_2026/install/honrobo_2026_pkg/lib/honrobo_2026_pkg\n'}
[1.244591] (honrobo_2026_pkg) StdoutLine: {'line': b'Installing can_node script to /home/haru/honrobo_2026/install/honrobo_2026_pkg/lib/honrobo_2026_pkg\n'}
[1.244752] (honrobo_2026_pkg) StdoutLine: {'line': b'Installing ps4_node script to /home/haru/honrobo_2026/install/honrobo_2026_pkg/lib/honrobo_2026_pkg\n'}
[1.244911] (honrobo_2026_pkg) StdoutLine: {'line': b'Installing roboware_node script to /home/haru/honrobo_2026/install/honrobo_2026_pkg/lib/honrobo_2026_pkg\n'}
[1.245067] (honrobo_2026_pkg) StdoutLine: {'line': b'Installing web_nav_node script to /home/haru/honrobo_2026/install/honrobo_2026_pkg/lib/honrobo_2026_pkg\n'}
[1.245302] (honrobo_2026_pkg) StdoutLine: {'line': b'\n'}
[1.245362] (honrobo_2026_pkg) StdoutLine: {'line': b'Installed /home/haru/honrobo_2026/build/honrobo_2026_pkg\n'}
[1.245448] (honrobo_2026_pkg) StdoutLine: {'line': b'running symlink_data\n'}
[1.280805] (honrobo_2026_pkg) CommandEnded: {'returncode': 0}
[1.294651] (honrobo_2026_pkg) JobEnded: {'identifier': 'honrobo_2026_pkg', 'rc': 0}
[1.295415] (-) EventReactorShutdown: {}
