[0.106s] DEBUG:colcon:Command line arguments: ['/usr/bin/colcon', 'build', '--symlink-install', '--packages-select', 'honrobo_2026_pkg']
[0.106s] DEBUG:colcon:Parsed command line arguments: Namespace(log_base=None, log_level=None, verb_name='build', build_base='build', install_base='install', merge_install=False, symlink_install=True, test_result_base=None, continue_on_error=False, executor='parallel', parallel_workers=12, event_handlers=None, ignore_user_meta=False, metas=['./colcon.meta'], base_paths=['.'], packages_ignore=None, packages_ignore_regex=None, paths=None, packages_up_to=None, packages_up_to_regex=None, packages_above=None, packages_above_and_dependencies=None, packages_above_depth=None, packages_select_by_dep=None, packages_skip_by_dep=None, packages_skip_up_to=None, packages_select_build_failed=False, packages_skip_build_finished=False, packages_select_test_failures=False, packages_skip_test_passed=False, packages_select=['honrobo_2026_pkg'], packages_skip=None, packages_select_regex=None, packages_skip_regex=None, packages_start=None, packages_end=None, allow_overriding=[], cmake_args=None, cmake_target=None, cmake_target_skip_unavailable=False, cmake_clean_cache=False, cmake_clean_first=False, cmake_force_configure=False, ament_cmake_args=None, catkin_cmake_args=None, catkin_skip_building_tests=False, verb_parser=<colcon_defaults.argument_parser.defaults.DefaultArgumentsDecorator object at 0x7d5cfe2d9420>, verb_extension=<colcon_core.verb.build.BuildVerb object at 0x7d5cfe2d8b50>, main=<bound method BuildVerb.main of <colcon_core.verb.build.BuildVerb object at 0x7d5cfe2d8b50>>)
[0.278s] Level 1:colcon.colcon_core.package_discovery:discover_packages(colcon_meta) check parameters
[0.278s] Level 1:colcon.colcon_core.package_discovery:discover_packages(recursive) check parameters
[0.278s] Level 1:colcon.colcon_core.package_discovery:discover_packages(ignore) check parameters
[0.278s] Level 1:colcon.colcon_core.package_discovery:discover_packages(path) check parameters
[0.278s] Level 1:colcon.colcon_core.package_discovery:discover_packages(colcon_meta) discover
[0.278s] Level 1:colcon.colcon_core.package_discovery:discover_packages(recursive) discover
[0.278s] INFO:colcon.colcon_core.package_discovery:Crawling recursively for packages in '/home/haru/honrobo_2026'
[0.278s] Level 1:colcon.colcon_core.package_identification:_identify(.) by extensions ['ignore', 'ignore_ament_install']
[0.278s] Level 1:colcon.colcon_core.package_identification:_identify(.) by extension 'ignore'
[0.278s] Level 1:colcon.colcon_core.package_identification:_identify(.) by extension 'ignore_ament_install'
[0.278s] Level 1:colcon.colcon_core.package_identification:_identify(.) by extensions ['colcon_pkg']
[0.278s] Level 1:colcon.colcon_core.package_identification:_identify(.) by extension 'colcon_pkg'
[0.279s] Level 1:colcon.colcon_core.package_identification:_identify(.) by extensions ['colcon_meta']
[0.279s] Level 1:colcon.colcon_core.package_identification:_identify(.) by extension 'colcon_meta'
[0.279s] Level 1:colcon.colcon_core.package_identification:_identify(.) by extensions ['ros']
[0.279s] Level 1:colcon.colcon_core.package_identification:_identify(.) by extension 'ros'
[0.289s] Level 1:colcon.colcon_core.package_identification:_identify(.) by extensions ['cmake', 'python']
[0.289s] Level 1:colcon.colcon_core.package_identification:_identify(.) by extension 'cmake'
[0.289s] Level 1:colcon.colcon_core.package_identification:_identify(.) by extension 'python'
[0.289s] Level 1:colcon.colcon_core.package_identification:_identify(.) by extensions ['python_setup_py']
[0.289s] Level 1:colcon.colcon_core.package_identification:_identify(.) by extension 'python_setup_py'
[0.289s] Level 1:colcon.colcon_core.package_identification:_identify(build) by extensions ['ignore', 'ignore_ament_install']
[0.289s] Level 1:colcon.colcon_core.package_identification:_identify(build) by extension 'ignore'
[0.289s] Level 1:colcon.colcon_core.package_identification:_identify(build) ignored
[0.289s] Level 1:colcon.colcon_core.package_identification:_identify(install) by extensions ['ignore', 'ignore_ament_install']
[0.289s] Level 1:colcon.colcon_core.package_identification:_identify(install) by extension 'ignore'
[0.290s] Level 1:colcon.colcon_core.package_identification:_identify(install) ignored
[0.290s] Level 1:colcon.colcon_core.package_identification:_identify(log) by extensions ['ignore', 'ignore_ament_install']
[0.290s] Level 1:colcon.colcon_core.package_identification:_identify(log) by extension 'ignore'
[0.290s] Level 1:colcon.colcon_core.package_identification:_identify(log) ignored
[0.290s] Level 1:colcon.colcon_core.package_identification:_identify(src) by extensions ['ignore', 'ignore_ament_install']
[0.290s] Level 1:colcon.colcon_core.package_identification:_identify(src) by extension 'ignore'
[0.290s] Level 1:colcon.colcon_core.package_identification:_identify(src) by extension 'ignore_ament_install'
[0.290s] Level 1:colcon.colcon_core.package_identification:_identify(src) by extensions ['colcon_pkg']
[0.290s] Level 1:colcon.colcon_core.package_identification:_identify(src) by extension 'colcon_pkg'
[0.290s] Level 1:colcon.colcon_core.package_identification:_identify(src) by extensions ['colcon_meta']
[0.290s] Level 1:colcon.colcon_core.package_identification:_identify(src) by extension 'colcon_meta'
[0.290s] Level 1:colcon.colcon_core.package_identification:_identify(src) by extensions ['ros']
[0.290s] Level 1:colcon.colcon_core.package_identification:_identify(src) by extension 'ros'
[0.290s] Level 1:colcon.colcon_core.package_identification:_identify(src) by extensions ['cmake', 'python']
[0.290s] Level 1:colcon.colcon_core.package_identification:_identify(src) by extension 'cmake'
[0.290s] Level 1:colcon.colcon_core.package_identification:_identify(src) by extension 'python'
[0.290s] Level 1:colcon.colcon_core.package_identification:_identify(src) by extensions ['python_setup_py']
[0.290s] Level 1:colcon.colcon_core.package_identification:_identify(src) by extension 'python_setup_py'
[0.291s] Level 1:colcon.colcon_core.package_identification:_identify(src/honrobo_2026_pkg) by extensions ['ignore', 'ignore_ament_install']
[0.291s] Level 1:colcon.colcon_core.package_identification:_identify(src/honrobo_2026_pkg) by extension 'ignore'
[0.291s] Level 1:colcon.colcon_core.package_identification:_identify(src/honrobo_2026_pkg) by extension 'ignore_ament_install'
[0.291s] Level 1:colcon.colcon_core.package_identification:_identify(src/honrobo_2026_pkg) by extensions ['colcon_pkg']
[0.291s] Level 1:colcon.colcon_core.package_identification:_identify(src/honrobo_2026_pkg) by extension 'colcon_pkg'
[0.291s] Level 1:colcon.colcon_core.package_identification:_identify(src/honrobo_2026_pkg) by extensions ['colcon_meta']
[0.291s] Level 1:colcon.colcon_core.package_identification:_identify(src/honrobo_2026_pkg) by extension 'colcon_meta'
[0.291s] Level 1:colcon.colcon_core.package_identification:_identify(src/honrobo_2026_pkg) by extensions ['ros']
[0.291s] Level 1:colcon.colcon_core.package_identification:_identify(src/honrobo_2026_pkg) by extension 'ros'
[0.293s] DEBUG:colcon.colcon_core.package_identification:Package 'src/honrobo_2026_pkg' with type 'ros.ament_python' and name 'honrobo_2026_pkg'
[0.293s] Level 1:colcon.colcon_core.package_discovery:discover_packages(recursive) using defaults
[0.293s] Level 1:colcon.colcon_core.package_discovery:discover_packages(ignore) discover
[0.293s] Level 1:colcon.colcon_core.package_discovery:discover_packages(ignore) using defaults
[0.293s] Level 1:colcon.colcon_core.package_discovery:discover_packages(path) discover
[0.293s] Level 1:colcon.colcon_core.package_discovery:discover_packages(path) using defaults
[0.325s] Level 1:colcon.colcon_core.package_discovery:discover_packages(prefix_path) check parameters
[0.325s] Level 1:colcon.colcon_core.package_discovery:discover_packages(prefix_path) discover
[0.328s] DEBUG:colcon.colcon_installed_package_information.package_discovery:Found 423 installed packages in /opt/ros/humble
[0.330s] Level 1:colcon.colcon_core.package_discovery:discover_packages(prefix_path) using defaults
[0.378s] Level 5:colcon.colcon_core.verb:set package 'honrobo_2026_pkg' build argument 'cmake_args' from command line to 'None'
[0.378s] Level 5:colcon.colcon_core.verb:set package 'honrobo_2026_pkg' build argument 'cmake_target' from command line to 'None'
[0.378s] Level 5:colcon.colcon_core.verb:set package 'honrobo_2026_pkg' build argument 'cmake_target_skip_unavailable' from command line to 'False'
[0.378s] Level 5:colcon.colcon_core.verb:set package 'honrobo_2026_pkg' build argument 'cmake_clean_cache' from command line to 'False'
[0.378s] Level 5:colcon.colcon_core.verb:set package 'honrobo_2026_pkg' build argument 'cmake_clean_first' from command line to 'False'
[0.378s] Level 5:colcon.colcon_core.verb:set package 'honrobo_2026_pkg' build argument 'cmake_force_configure' from command line to 'False'
[0.378s] Level 5:colcon.colcon_core.verb:set package 'honrobo_2026_pkg' build argument 'ament_cmake_args' from command line to 'None'
[0.378s] Level 5:colcon.colcon_core.verb:set package 'honrobo_2026_pkg' build argument 'catkin_cmake_args' from command line to 'None'
[0.378s] Level 5:colcon.colcon_core.verb:set package 'honrobo_2026_pkg' build argument 'catkin_skip_building_tests' from command line to 'False'
[0.378s] DEBUG:colcon.colcon_core.verb:Building package 'honrobo_2026_pkg' with the following arguments: {'ament_cmake_args': None, 'build_base': '/home/haru/honrobo_2026/build/honrobo_2026_pkg', 'catkin_cmake_args': None, 'catkin_skip_building_tests': False, 'cmake_args': None, 'cmake_clean_cache': False, 'cmake_clean_first': False, 'cmake_force_configure': False, 'cmake_target': None, 'cmake_target_skip_unavailable': False, 'install_base': '/home/haru/honrobo_2026/install/honrobo_2026_pkg', 'merge_install': False, 'path': '/home/haru/honrobo_2026/src/honrobo_2026_pkg', 'symlink_install': True, 'test_result_base': None}
[0.379s] INFO:colcon.colcon_core.executor:Executing jobs using 'parallel' executor
[0.380s] DEBUG:colcon.colcon_parallel_executor.executor.parallel:run_until_complete
[0.380s] INFO:colcon.colcon_ros.task.ament_python.build:Building ROS package in '/home/haru/honrobo_2026/src/honrobo_2026_pkg' with build type 'ament_python'
[0.380s] Level 1:colcon.colcon_core.shell:create_environment_hook('honrobo_2026_pkg', 'ament_prefix_path')
[0.382s] INFO:colcon.colcon_core.plugin_system:Skipping extension 'colcon_core.shell.bat': Not used on non-Windows systems
[0.382s] INFO:colcon.colcon_core.shell:Creating environment hook '/home/haru/honrobo_2026/install/honrobo_2026_pkg/share/honrobo_2026_pkg/hook/ament_prefix_path.ps1'
[0.383s] INFO:colcon.colcon_core.shell:Creating environment descriptor '/home/haru/honrobo_2026/install/honrobo_2026_pkg/share/honrobo_2026_pkg/hook/ament_prefix_path.dsv'
[0.383s] INFO:colcon.colcon_core.shell:Creating environment hook '/home/haru/honrobo_2026/install/honrobo_2026_pkg/share/honrobo_2026_pkg/hook/ament_prefix_path.sh'
[0.384s] INFO:colcon.colcon_core.shell:Skip shell extension 'powershell' for command environment: Not usable outside of PowerShell
[0.384s] DEBUG:colcon.colcon_core.shell:Skip shell extension 'dsv' for command environment
[0.681s] INFO:colcon.colcon_core.task.python.build:Building Python package in '/home/haru/honrobo_2026/src/honrobo_2026_pkg'
[0.682s] INFO:colcon.colcon_core.shell:Skip shell extension 'powershell' for command environment: Not usable outside of PowerShell
[0.682s] DEBUG:colcon.colcon_core.shell:Skip shell extension 'dsv' for command environment
[1.149s] DEBUG:colcon.colcon_core.event_handler.log_command:Invoking command in '/home/haru/honrobo_2026/build/honrobo_2026_pkg': PYTHONPATH=/home/haru/honrobo_2026/build/honrobo_2026_pkg/prefix_override:/usr/lib/python3/dist-packages/colcon_core/task/python/colcon_distutils_commands:/home/haru/honrobo_2026/install/honrobo_2026_pkg/lib/python3.10/site-packages:${PYTHONPATH} /usr/bin/python3 -W ignore:setup.py install is deprecated -W ignore:easy_install command is deprecated setup.py develop --editable --build-directory /home/haru/honrobo_2026/build/honrobo_2026_pkg/build --no-deps symlink_data
[1.660s] Level 1:colcon.colcon_core.shell:create_environment_hook('honrobo_2026_pkg', 'pythonpath_develop')
[1.661s] INFO:colcon.colcon_core.shell:Creating environment hook '/home/haru/honrobo_2026/build/honrobo_2026_pkg/share/honrobo_2026_pkg/hook/pythonpath_develop.ps1'
[1.661s] DEBUG:colcon.colcon_core.event_handler.log_command:Invoked command in '/home/haru/honrobo_2026/build/honrobo_2026_pkg' returned '0': PYTHONPATH=/home/haru/honrobo_2026/build/honrobo_2026_pkg/prefix_override:/usr/lib/python3/dist-packages/colcon_core/task/python/colcon_distutils_commands:/home/haru/honrobo_2026/install/honrobo_2026_pkg/lib/python3.10/site-packages:${PYTHONPATH} /usr/bin/python3 -W ignore:setup.py install is deprecated -W ignore:easy_install command is deprecated setup.py develop --editable --build-directory /home/haru/honrobo_2026/build/honrobo_2026_pkg/build --no-deps symlink_data
[1.662s] INFO:colcon.colcon_core.shell:Creating environment descriptor '/home/haru/honrobo_2026/build/honrobo_2026_pkg/share/honrobo_2026_pkg/hook/pythonpath_develop.dsv'
[1.662s] INFO:colcon.colcon_core.shell:Creating environment hook '/home/haru/honrobo_2026/build/honrobo_2026_pkg/share/honrobo_2026_pkg/hook/pythonpath_develop.sh'
[1.665s] Level 1:colcon.colcon_core.environment:checking '/home/haru/honrobo_2026/install/honrobo_2026_pkg' for CMake module files
[1.665s] Level 1:colcon.colcon_core.environment:checking '/home/haru/honrobo_2026/install/honrobo_2026_pkg' for CMake config files
[1.666s] Level 1:colcon.colcon_core.environment:checking '/home/haru/honrobo_2026/install/honrobo_2026_pkg/lib'
[1.666s] Level 1:colcon.colcon_core.environment:checking '/home/haru/honrobo_2026/install/honrobo_2026_pkg/bin'
[1.667s] Level 1:colcon.colcon_core.environment:checking '/home/haru/honrobo_2026/install/honrobo_2026_pkg/lib/pkgconfig/honrobo_2026_pkg.pc'
[1.667s] Level 1:colcon.colcon_core.environment:checking '/home/haru/honrobo_2026/install/honrobo_2026_pkg/lib/python3.10/site-packages'
[1.667s] Level 1:colcon.colcon_core.shell:create_environment_hook('honrobo_2026_pkg', 'pythonpath')
[1.667s] INFO:colcon.colcon_core.shell:Creating environment hook '/home/haru/honrobo_2026/install/honrobo_2026_pkg/share/honrobo_2026_pkg/hook/pythonpath.ps1'
[1.668s] INFO:colcon.colcon_core.shell:Creating environment descriptor '/home/haru/honrobo_2026/install/honrobo_2026_pkg/share/honrobo_2026_pkg/hook/pythonpath.dsv'
[1.668s] INFO:colcon.colcon_core.shell:Creating environment hook '/home/haru/honrobo_2026/install/honrobo_2026_pkg/share/honrobo_2026_pkg/hook/pythonpath.sh'
[1.669s] Level 1:colcon.colcon_core.environment:checking '/home/haru/honrobo_2026/install/honrobo_2026_pkg/bin'
[1.669s] Level 1:colcon.colcon_core.environment:create_environment_scripts_only(honrobo_2026_pkg)
[1.669s] INFO:colcon.colcon_core.shell:Creating package script '/home/haru/honrobo_2026/install/honrobo_2026_pkg/share/honrobo_2026_pkg/package.ps1'
[1.670s] INFO:colcon.colcon_core.shell:Creating package descriptor '/home/haru/honrobo_2026/install/honrobo_2026_pkg/share/honrobo_2026_pkg/package.dsv'
[1.671s] INFO:colcon.colcon_core.shell:Creating package script '/home/haru/honrobo_2026/install/honrobo_2026_pkg/share/honrobo_2026_pkg/package.sh'
[1.672s] INFO:colcon.colcon_core.shell:Creating package script '/home/haru/honrobo_2026/install/honrobo_2026_pkg/share/honrobo_2026_pkg/package.bash'
[1.673s] INFO:colcon.colcon_core.shell:Creating package script '/home/haru/honrobo_2026/install/honrobo_2026_pkg/share/honrobo_2026_pkg/package.zsh'
[1.674s] Level 1:colcon.colcon_core.environment:create_file_with_runtime_dependencies(/home/haru/honrobo_2026/install/honrobo_2026_pkg/share/colcon-core/packages/honrobo_2026_pkg)
[1.674s] DEBUG:colcon.colcon_parallel_executor.executor.parallel:closing loop
[1.674s] DEBUG:colcon.colcon_parallel_executor.executor.parallel:loop closed
[1.674s] DEBUG:colcon.colcon_parallel_executor.executor.parallel:run_until_complete finished with '0'
[1.675s] DEBUG:colcon.colcon_core.event_reactor:joining thread
[1.680s] INFO:colcon.colcon_core.plugin_system:Skipping extension 'colcon_notification.desktop_notification.terminal_notifier': Not used on non-Darwin systems
[1.680s] INFO:colcon.colcon_core.plugin_system:Skipping extension 'colcon_notification.desktop_notification.win32': Not used on non-Windows systems
[1.680s] INFO:colcon.colcon_notification.desktop_notification:Sending desktop notification using 'notify2'
[1.691s] DEBUG:colcon.colcon_core.event_reactor:joined thread
[1.692s] INFO:colcon.colcon_core.shell:Creating prefix script '/home/haru/honrobo_2026/install/local_setup.ps1'
[1.693s] INFO:colcon.colcon_core.shell:Creating prefix util module '/home/haru/honrobo_2026/install/_local_setup_util_ps1.py'
[1.694s] INFO:colcon.colcon_core.shell:Creating prefix chain script '/home/haru/honrobo_2026/install/setup.ps1'
[1.695s] INFO:colcon.colcon_core.shell:Creating prefix script '/home/haru/honrobo_2026/install/local_setup.sh'
[1.696s] INFO:colcon.colcon_core.shell:Creating prefix util module '/home/haru/honrobo_2026/install/_local_setup_util_sh.py'
[1.696s] INFO:colcon.colcon_core.shell:Creating prefix chain script '/home/haru/honrobo_2026/install/setup.sh'
[1.698s] INFO:colcon.colcon_core.shell:Creating prefix script '/home/haru/honrobo_2026/install/local_setup.bash'
[1.698s] INFO:colcon.colcon_core.shell:Creating prefix chain script '/home/haru/honrobo_2026/install/setup.bash'
[1.699s] INFO:colcon.colcon_core.shell:Creating prefix script '/home/haru/honrobo_2026/install/local_setup.zsh'
[1.699s] INFO:colcon.colcon_core.shell:Creating prefix chain script '/home/haru/honrobo_2026/install/setup.zsh'
