[0.483s] Invoking command in '/home/haru/honrobo_2026/src/honrobo_2026_pkg': PYTHONPATH=/home/haru/honrobo_2026/build/honrobo_2026_pkg/prefix_override:/usr/lib/python3/dist-packages/colcon_core/task/python/colcon_distutils_commands:/home/haru/honrobo_2026/install/honrobo_2026_pkg/lib/python3.10/site-packages:${PYTHONPATH} /usr/bin/python3 -W ignore:setup.py install is deprecated -W ignore:easy_install command is deprecated setup.py egg_info --egg-base ../../build/honrobo_2026_pkg build --build-base /home/haru/honrobo_2026/build/honrobo_2026_pkg/build install --record /home/haru/honrobo_2026/build/honrobo_2026_pkg/install.log --single-version-externally-managed install_data
[0.663s] running egg_info
[0.663s] writing ../../build/honrobo_2026_pkg/honrobo_2026_pkg.egg-info/PKG-INFO
[0.663s] writing dependency_links to ../../build/honrobo_2026_pkg/honrobo_2026_pkg.egg-info/dependency_links.txt
[0.663s] writing entry points to ../../build/honrobo_2026_pkg/honrobo_2026_pkg.egg-info/entry_points.txt
[0.663s] writing requirements to ../../build/honrobo_2026_pkg/honrobo_2026_pkg.egg-info/requires.txt
[0.663s] writing top-level names to ../../build/honrobo_2026_pkg/honrobo_2026_pkg.egg-info/top_level.txt
[0.665s] reading manifest file '../../build/honrobo_2026_pkg/honrobo_2026_pkg.egg-info/SOURCES.txt'
[0.665s] writing manifest file '../../build/honrobo_2026_pkg/honrobo_2026_pkg.egg-info/SOURCES.txt'
[0.665s] running build
[0.665s] running build_py
[0.666s] copying honrobo_2026_pkg/web_nav_node.py -> /home/haru/honrobo_2026/build/honrobo_2026_pkg/build/lib/honrobo_2026_pkg
[0.666s] copying honrobo_2026_pkg/roboware_node.py -> /home/haru/honrobo_2026/build/honrobo_2026_pkg/build/lib/honrobo_2026_pkg
[0.666s] running install
[0.666s] running install_lib
[0.667s] copying /home/haru/honrobo_2026/build/honrobo_2026_pkg/build/lib/honrobo_2026_pkg/web_nav_node.py -> /home/haru/honrobo_2026/install/honrobo_2026_pkg/lib/python3.10/site-packages/honrobo_2026_pkg
[0.667s] copying /home/haru/honrobo_2026/build/honrobo_2026_pkg/build/lib/honrobo_2026_pkg/roboware_node.py -> /home/haru/honrobo_2026/install/honrobo_2026_pkg/lib/python3.10/site-packages/honrobo_2026_pkg
[0.667s] byte-compiling /home/haru/honrobo_2026/install/honrobo_2026_pkg/lib/python3.10/site-packages/honrobo_2026_pkg/web_nav_node.py to web_nav_node.cpython-310.pyc
[0.669s] byte-compiling /home/haru/honrobo_2026/install/honrobo_2026_pkg/lib/python3.10/site-packages/honrobo_2026_pkg/roboware_node.py to roboware_node.cpython-310.pyc
[0.669s] running install_data
[0.670s] running install_egg_info
[0.671s] removing '/home/haru/honrobo_2026/install/honrobo_2026_pkg/lib/python3.10/site-packages/honrobo_2026_pkg-0.0.0-py3.10.egg-info' (and everything under it)
[0.671s] Copying ../../build/honrobo_2026_pkg/honrobo_2026_pkg.egg-info to /home/haru/honrobo_2026/install/honrobo_2026_pkg/lib/python3.10/site-packages/honrobo_2026_pkg-0.0.0-py3.10.egg-info
[0.672s] running install_scripts
[0.686s] Installing all_senser script to /home/haru/honrobo_2026/install/honrobo_2026_pkg/lib/honrobo_2026_pkg
[0.686s] Installing can_node script to /home/haru/honrobo_2026/install/honrobo_2026_pkg/lib/honrobo_2026_pkg
[0.686s] Installing ps4_node script to /home/haru/honrobo_2026/install/honrobo_2026_pkg/lib/honrobo_2026_pkg
[0.686s] Installing roboware_node script to /home/haru/honrobo_2026/install/honrobo_2026_pkg/lib/honrobo_2026_pkg
[0.686s] Installing web_nav_node script to /home/haru/honrobo_2026/install/honrobo_2026_pkg/lib/honrobo_2026_pkg
[0.686s] writing list of installed files to '/home/haru/honrobo_2026/build/honrobo_2026_pkg/install.log'
[0.702s] Invoked command in '/home/haru/honrobo_2026/src/honrobo_2026_pkg' returned '0': PYTHONPATH=/home/haru/honrobo_2026/build/honrobo_2026_pkg/prefix_override:/usr/lib/python3/dist-packages/colcon_core/task/python/colcon_distutils_commands:/home/haru/honrobo_2026/install/honrobo_2026_pkg/lib/python3.10/site-packages:${PYTHONPATH} /usr/bin/python3 -W ignore:setup.py install is deprecated -W ignore:easy_install command is deprecated setup.py egg_info --egg-base ../../build/honrobo_2026_pkg build --build-base /home/haru/honrobo_2026/build/honrobo_2026_pkg/build install --record /home/haru/honrobo_2026/build/honrobo_2026_pkg/install.log --single-version-externally-managed install_data
